2024-07-19T18:12:40.390035-0400 | INFO | __main__ | Starting program : 
2024-07-19T18:13:26.523191-0400 | TRACE | __main__ | Starting program : 
2024-07-19T18:14:13.530630-0400 | CRITICAL | __main__ | Starting program : 
| CRITICAL | __main__ | Starting program : 
| TRACE | __main__ | Starting program  
| TRACE | __main__ | Starting program  
| INFO | __main__ | Welcome to the interactive tester!  
| CRITICAL | __main__ | This is a critical message  
| TRACE | __main__ | Starting program  
| INFO | __main__ | Welcome to the interactive tester!  
| CRITICAL | __main__ | This is a critical message  
| TRACE | __main__ | Starting program  
| INFO | __main__ | Welcome to the interactive tester!  
| CRITICAL | __main__ | This is a critical message  
| TRACE | __main__ | Starting program  
| INFO | __main__ | Welcome to the interactive tester!  
| CRITICAL | __main__ | This is a critical message  
| TRACE | __main__ | Starting program  
| INFO | __main__ | Welcome to the interactive tester!  
| CRITICAL | __main__ | This is a critical message  
| TRACE | __main__ | Starting program  
| INFO | __main__ | Welcome to the interactive tester!  
| CRITICAL | __main__ | This is a critical message  
| TRACE | __main__ | Starting program  
| INFO | __main__ | Welcome to the interactive tester!  
| CRITICAL | __main__ | This is a critical message  
| TRACE | __main__ | Starting program  
| INFO | __main__ | Welcome to the interactive tester!  
| CRITICAL | __main__ | This is a critical message  
| TRACE | __main__ | Starting program  
| INFO | __main__ | Welcome to the interactive tester!  
| CRITICAL | __main__ | This is a critical message  
| 2024-07-19T18:57:28.783826-0400 | TRACE | __main__ | Starting program : 
| 2024-07-19T18:57:28.783826-0400 | INFO | __main__ | Welcome to the interactive tester! : 
| 2024-07-19T18:57:28.783826-0400 | CRITICAL | __main__ | This is a critical message : 
